[debug] [2025-01-03T01:29:34.369Z] ----------------------------------------------------------------------
[debug] [2025-01-03T01:29:34.372Z] Command:       /nix/store/if6aqyl3sl0hz14a12mndj35swb1mcwi-nodejs-20.17.0/bin/node /home/user/.global_modules/bin/firebase login
[debug] [2025-01-03T01:29:34.372Z] CLI Version:   13.29.1
[debug] [2025-01-03T01:29:34.373Z] Platform:      linux
[debug] [2025-01-03T01:29:34.373Z] Node Version:  v20.17.0
[debug] [2025-01-03T01:29:34.373Z] Time:          Fri Jan 03 2025 01:29:34 GMT+0000 (Coordinated Universal Time)
[debug] [2025-01-03T01:29:34.373Z] ----------------------------------------------------------------------
[debug] 
[debug] [2025-01-03T01:29:34.376Z] >>> [apiv2][query] GET https://firebase-public.firebaseio.com/cli.json [none]
[info] i  Firebase optionally collects CLI and Emulator Suite usage and error reporting information to help improve our products. Data is collected in accordance with Google's privacy policy (https://policies.google.com/privacy) and is not used to identify you.
 
[debug] [2025-01-03T01:29:34.875Z] <<< [apiv2][status] GET https://firebase-public.firebaseio.com/cli.json 200
[debug] [2025-01-03T01:29:34.876Z] <<< [apiv2][body] GET https://firebase-public.firebaseio.com/cli.json {"cloudBuildErrorAfter":1594252800000,"cloudBuildWarnAfter":1590019200000,"defaultNode10After":1594252800000,"minVersion":"3.0.5","node8DeploysDisabledAfter":1613390400000,"node8RuntimeDisabledAfter":1615809600000,"node8WarnAfter":1600128000000}
[debug] [2025-01-03T01:29:45.304Z] >>> [apiv2][query] POST https://auth.firebase.tools/attest [none]
[debug] [2025-01-03T01:29:45.305Z] >>> [apiv2][body] POST https://auth.firebase.tools/attest {"session_id":"d21446e2-7c5b-46b6-b8cc-0309a387e108"}
[debug] [2025-01-03T01:29:45.728Z] <<< [apiv2][status] POST https://auth.firebase.tools/attest 200
[debug] [2025-01-03T01:29:45.729Z] <<< [apiv2][body] POST https://auth.firebase.tools/attest {"token":"Y8H0LH0cebdNlP4_D0d4peM94axMjYJkrGpD74Q-hVE"}
[info] 
[info] To sign in to the Firebase CLI:
[info] 
[info] 1. Take note of your session ID:
[info] 
[info]    D2144
[info] 
[info] 2. Visit the URL below on any device and follow the instructions to get your code:
[info] 
[info]    https://auth.firebase.tools/login?code_challenge=fsH_52ptDD65cT4Jn9rfWeoBMb5BxBJPjcfrn07ed90&session=d21446e2-7c5b-46b6-b8cc-0309a387e108&attest=Y8H0LH0cebdNlP4_D0d4peM94axMjYJkrGpD74Q-hVE
[info] 
[info] 3. Paste or enter the authorization code below once you have it:
[info] 
